# JRE version: OpenJDK Runtime Environment Temurin-17.0.10+7 (17.0.10+7) (build 17.0.10+7)
# Java VM: OpenJDK 64-Bit Server VM Temurin-17.0.10+7 (17.0.10+7, mixed mode, emulated-client, tiered, compressed oops, compressed class ptrs, g1 gc, windows-amd64)
GC Precious Log:
 CPUs: 20 total, 20 available
 Memory: 65277M
 Large Page Support: Disabled
 NUMA Support: Disabled
 Compressed Oops: Enabled (32-bit)
 Heap Region Size: 1M
 Heap Min Capacity: 8M
 Heap Initial Capacity: 1020M
 Heap Max Capacity: 1G
 Pre-touch: Disabled
 Parallel Workers: 15
 Concurrent Workers: 4
 Concurrent Refinement Workers: 15
 Periodic GC: Disabled
Heap:
 garbage-first heap   total 96256K, used 36437K [0x00000000c0000000, 0x0000000100000000)
  region size 1024K, 1 young (1024K), 0 survivors (0K)
 Metaspace       used 60666K, committed 61120K, reserved 1114112K
  class space    used 7611K, committed 7808K, reserved 1048576K
GC Heap History (20 events):
Event: 131930.572 GC heap before
{Heap before GC invocations=12898 (full 12778):
 garbage-first heap   total 96256K, used 36437K [0x00000000c0000000, 0x0000000100000000)
  region size 1024K, 1 young (1024K), 0 survivors (0K)
 Metaspace       used 60666K, committed 61120K, reserved 1114112K
  class space    used 7611K, committed 7808K, reserved 1048576K
}
Event: 131930.597 GC heap after
{Heap after GC invocations=12899 (full 12779):
 garbage-first heap   total 96256K, used 36437K [0x00000000c0000000, 0x0000000100000000)
  region size 1024K, 0 young (0K), 0 survivors (0K)
 Metaspace       used 60666K, committed 61120K, reserved 1114112K
  class space    used 7611K, committed 7808K, reserved 1048576K
}
Event: 131940.693 GC heap before
{Heap before GC invocations=12899 (full 12779):
 garbage-first heap   total 96256K, used 36437K [0x00000000c0000000, 0x0000000100000000)
  region size 1024K, 1 young (1024K), 0 survivors (0K)
 Metaspace       used 60666K, committed 61120K, reserved 1114112K
  class space    used 7611K, committed 7808K, reserved 1048576K
}
Event: 131940.717 GC heap after
{Heap after GC invocations=12900 (full 12780):
 garbage-first heap   total 96256K, used 36437K [0x00000000c0000000, 0x0000000100000000)
  region size 1024K, 0 young (0K), 0 survivors (0K)
 Metaspace       used 60666K, committed 61120K, reserved 1114112K
  class space    used 7611K, committed 7808K, reserved 1048576K
}
Event: 131950.782 GC heap before
{Heap before GC invocations=12900 (full 12780):
 garbage-first heap   total 96256K, used 36437K [0x00000000c0000000, 0x0000000100000000)
  region size 1024K, 1 young (1024K), 0 survivors (0K)
 Metaspace       used 60675K, committed 61120K, reserved 1114112K
  class space    used 7613K, committed 7808K, reserved 1048576K
}
Event: 131950.806 GC heap after
{Heap after GC invocations=12901 (full 12781):
 garbage-first heap   total 96256K, used 36449K [0x00000000c0000000, 0x0000000100000000)
  region size 1024K, 0 young (0K), 0 survivors (0K)
 Metaspace       used 60675K, committed 61120K, reserved 1114112K
  class space    used 7613K, committed 7808K, reserved 1048576K
}
Event: 131960.874 GC heap before
{Heap before GC invocations=12901 (full 12781):
 garbage-first heap   total 96256K, used 36449K [0x00000000c0000000, 0x0000000100000000)
  region size 1024K, 1 young (1024K), 0 survivors (0K)
 Metaspace       used 60675K, committed 61120K, reserved 1114112K
  class space    used 7613K, committed 7808K, reserved 1048576K
}
Event: 131960.901 GC heap after
{Heap after GC invocations=12902 (full 12782):
 garbage-first heap   total 96256K, used 36449K [0x00000000c0000000, 0x0000000100000000)
  region size 1024K, 0 young (0K), 0 survivors (0K)
 Metaspace       used 60675K, committed 61120K, reserved 1114112K
  class space    used 7613K, committed 7808K, reserved 1048576K
}
Event: 131970.989 GC heap before
{Heap before GC invocations=12902 (full 12782):
 garbage-first heap   total 96256K, used 36449K [0x00000000c0000000, 0x0000000100000000)
  region size 1024K, 1 young (1024K), 0 survivors (0K)
 Metaspace       used 60675K, committed 61120K, reserved 1114112K
  class space    used 7613K, committed 7808K, reserved 1048576K
}
Event: 131971.013 GC heap after
{Heap after GC invocations=12903 (full 12783):
 garbage-first heap   total 96256K, used 36449K [0x00000000c0000000, 0x0000000100000000)
  region size 1024K, 0 young (0K), 0 survivors (0K)
 Metaspace       used 60675K, committed 61120K, reserved 1114112K
  class space    used 7613K, committed 7808K, reserved 1048576K
}
Event: 131981.084 GC heap before
{Heap before GC invocations=12903 (full 12783):
 garbage-first heap   total 96256K, used 36449K [0x00000000c0000000, 0x0000000100000000)
  region size 1024K, 1 young (1024K), 0 survivors (0K)
 Metaspace       used 60675K, committed 61120K, reserved 1114112K
  class space    used 7613K, committed 7808K, reserved 1048576K
}
Event: 131981.108 GC heap after
{Heap after GC invocations=12904 (full 12784):
 garbage-first heap   total 96256K, used 36449K [0x00000000c0000000, 0x0000000100000000)
  region size 1024K, 0 young (0K), 0 survivors (0K)
 Metaspace       used 60675K, committed 61120K, reserved 1114112K
  class space    used 7613K, committed 7808K, reserved 1048576K
}
Event: 131991.181 GC heap before
{Heap before GC invocations=12904 (full 12784):
 garbage-first heap   total 96256K, used 36449K [0x00000000c0000000, 0x0000000100000000)
  region size 1024K, 1 young (1024K), 0 survivors (0K)
 Metaspace       used 60675K, committed 61120K, reserved 1114112K
  class space    used 7613K, committed 7808K, reserved 1048576K
}
Event: 131991.207 GC heap after
{Heap after GC invocations=12905 (full 12785):
 garbage-first heap   total 96256K, used 36449K [0x00000000c0000000, 0x0000000100000000)
  region size 1024K, 0 young (0K), 0 survivors (0K)
 Metaspace       used 60675K, committed 61120K, reserved 1114112K
  class space    used 7613K, committed 7808K, reserved 1048576K
}
Event: 132001.283 GC heap before
{Heap before GC invocations=12905 (full 12785):
 garbage-first heap   total 96256K, used 36449K [0x00000000c0000000, 0x0000000100000000)
  region size 1024K, 1 young (1024K), 0 survivors (0K)
 Metaspace       used 60675K, committed 61120K, reserved 1114112K
  class space    used 7613K, committed 7808K, reserved 1048576K
}
Event: 132001.308 GC heap after
{Heap after GC invocations=12906 (full 12786):
 garbage-first heap   total 96256K, used 36449K [0x00000000c0000000, 0x0000000100000000)
  region size 1024K, 0 young (0K), 0 survivors (0K)
 Metaspace       used 60675K, committed 61120K, reserved 1114112K
  class space    used 7613K, committed 7808K, reserved 1048576K
}
Event: 132011.388 GC heap before
{Heap before GC invocations=12906 (full 12786):
 garbage-first heap   total 96256K, used 36449K [0x00000000c0000000, 0x0000000100000000)
  region size 1024K, 1 young (1024K), 0 survivors (0K)
 Metaspace       used 60675K, committed 61120K, reserved 1114112K
  class space    used 7613K, committed 7808K, reserved 1048576K
}
Event: 132011.412 GC heap after
{Heap after GC invocations=12907 (full 12787):
 garbage-first heap   total 96256K, used 36437K [0x00000000c0000000, 0x0000000100000000)
  region size 1024K, 0 young (0K), 0 survivors (0K)
 Metaspace       used 60666K, committed 61120K, reserved 1114112K
  class space    used 7611K, committed 7808K, reserved 1048576K
}
Event: 132021.478 GC heap before
{Heap before GC invocations=12907 (full 12787):
 garbage-first heap   total 96256K, used 36437K [0x00000000c0000000, 0x0000000100000000)
  region size 1024K, 1 young (1024K), 0 survivors (0K)
 Metaspace       used 60666K, committed 61120K, reserved 1114112K
  class space    used 7611K, committed 7808K, reserved 1048576K
}
Event: 132021.501 GC heap after
{Heap after GC invocations=12908 (full 12788):
 garbage-first heap   total 96256K, used 36437K [0x00000000c0000000, 0x0000000100000000)
  region size 1024K, 0 young (0K), 0 survivors (0K)
 Metaspace       used 60666K, committed 61120K, reserved 1114112K
  class space    used 7611K, committed 7808K, reserved 1048576K
}

