# JRE version: OpenJDK Runtime Environment Temurin-17.0.9+9 (17.0.9+9) (build 17.0.9+9)
# Java VM: OpenJDK 64-Bit Server VM Temurin-17.0.9+9 (17.0.9+9, mixed mode, emulated-client, tiered, compressed oops, compressed class ptrs, g1 gc, windows-amd64)
GC Precious Log:
 CPUs: 20 total, 20 available
 Memory: 65277M
 Large Page Support: Disabled
 NUMA Support: Disabled
 Compressed Oops: Enabled (32-bit)
 Heap Region Size: 1M
 Heap Min Capacity: 8M
 Heap Initial Capacity: 1020M
 Heap Max Capacity: 1G
 Pre-touch: Disabled
 Parallel Workers: 15
 Concurrent Workers: 4
 Concurrent Refinement Workers: 15
 Periodic GC: Disabled
Heap:
 garbage-first heap   total 96256K, used 35732K [0x00000000c0000000, 0x0000000100000000)
  region size 1024K, 1 young (1024K), 0 survivors (0K)
 Metaspace       used 58827K, committed 59328K, reserved 1114112K
  class space    used 7304K, committed 7552K, reserved 1048576K
GC Heap History (20 events):
Event: 114057.106 GC heap before
{Heap before GC invocations=11070 (full 10898):
 garbage-first heap   total 96256K, used 35732K [0x00000000c0000000, 0x0000000100000000)
  region size 1024K, 1 young (1024K), 0 survivors (0K)
 Metaspace       used 58827K, committed 59328K, reserved 1114112K
  class space    used 7304K, committed 7552K, reserved 1048576K
}
Event: 114057.124 GC heap after
{Heap after GC invocations=11071 (full 10899):
 garbage-first heap   total 96256K, used 35732K [0x00000000c0000000, 0x0000000100000000)
  region size 1024K, 0 young (0K), 0 survivors (0K)
 Metaspace       used 58827K, committed 59328K, reserved 1114112K
  class space    used 7304K, committed 7552K, reserved 1048576K
}
Event: 114067.224 GC heap before
{Heap before GC invocations=11071 (full 10899):
 garbage-first heap   total 96256K, used 35732K [0x00000000c0000000, 0x0000000100000000)
  region size 1024K, 1 young (1024K), 0 survivors (0K)
 Metaspace       used 58827K, committed 59328K, reserved 1114112K
  class space    used 7304K, committed 7552K, reserved 1048576K
}
Event: 114067.245 GC heap after
{Heap after GC invocations=11072 (full 10900):
 garbage-first heap   total 96256K, used 35732K [0x00000000c0000000, 0x0000000100000000)
  region size 1024K, 0 young (0K), 0 survivors (0K)
 Metaspace       used 58827K, committed 59328K, reserved 1114112K
  class space    used 7304K, committed 7552K, reserved 1048576K
}
Event: 114077.338 GC heap before
{Heap before GC invocations=11072 (full 10900):
 garbage-first heap   total 96256K, used 35732K [0x00000000c0000000, 0x0000000100000000)
  region size 1024K, 1 young (1024K), 0 survivors (0K)
 Metaspace       used 58827K, committed 59328K, reserved 1114112K
  class space    used 7304K, committed 7552K, reserved 1048576K
}
Event: 114077.357 GC heap after
{Heap after GC invocations=11073 (full 10901):
 garbage-first heap   total 96256K, used 35732K [0x00000000c0000000, 0x0000000100000000)
  region size 1024K, 0 young (0K), 0 survivors (0K)
 Metaspace       used 58827K, committed 59328K, reserved 1114112K
  class space    used 7304K, committed 7552K, reserved 1048576K
}
Event: 114087.460 GC heap before
{Heap before GC invocations=11073 (full 10901):
 garbage-first heap   total 96256K, used 35732K [0x00000000c0000000, 0x0000000100000000)
  region size 1024K, 1 young (1024K), 0 survivors (0K)
 Metaspace       used 58827K, committed 59328K, reserved 1114112K
  class space    used 7304K, committed 7552K, reserved 1048576K
}
Event: 114087.482 GC heap after
{Heap after GC invocations=11074 (full 10902):
 garbage-first heap   total 96256K, used 35732K [0x00000000c0000000, 0x0000000100000000)
  region size 1024K, 0 young (0K), 0 survivors (0K)
 Metaspace       used 58827K, committed 59328K, reserved 1114112K
  class space    used 7304K, committed 7552K, reserved 1048576K
}
Event: 114097.593 GC heap before
{Heap before GC invocations=11074 (full 10902):
 garbage-first heap   total 96256K, used 35732K [0x00000000c0000000, 0x0000000100000000)
  region size 1024K, 1 young (1024K), 0 survivors (0K)
 Metaspace       used 58827K, committed 59328K, reserved 1114112K
  class space    used 7304K, committed 7552K, reserved 1048576K
}
Event: 114097.615 GC heap after
{Heap after GC invocations=11075 (full 10903):
 garbage-first heap   total 96256K, used 35732K [0x00000000c0000000, 0x0000000100000000)
  region size 1024K, 0 young (0K), 0 survivors (0K)
 Metaspace       used 58827K, committed 59328K, reserved 1114112K
  class space    used 7304K, committed 7552K, reserved 1048576K
}
Event: 114107.707 GC heap before
{Heap before GC invocations=11075 (full 10903):
 garbage-first heap   total 96256K, used 35732K [0x00000000c0000000, 0x0000000100000000)
  region size 1024K, 1 young (1024K), 0 survivors (0K)
 Metaspace       used 58827K, committed 59328K, reserved 1114112K
  class space    used 7304K, committed 7552K, reserved 1048576K
}
Event: 114107.729 GC heap after
{Heap after GC invocations=11076 (full 10904):
 garbage-first heap   total 96256K, used 35732K [0x00000000c0000000, 0x0000000100000000)
  region size 1024K, 0 young (0K), 0 survivors (0K)
 Metaspace       used 58827K, committed 59328K, reserved 1114112K
  class space    used 7304K, committed 7552K, reserved 1048576K
}
Event: 114117.823 GC heap before
{Heap before GC invocations=11076 (full 10904):
 garbage-first heap   total 96256K, used 35732K [0x00000000c0000000, 0x0000000100000000)
  region size 1024K, 1 young (1024K), 0 survivors (0K)
 Metaspace       used 58827K, committed 59328K, reserved 1114112K
  class space    used 7304K, committed 7552K, reserved 1048576K
}
Event: 114117.846 GC heap after
{Heap after GC invocations=11077 (full 10905):
 garbage-first heap   total 96256K, used 35732K [0x00000000c0000000, 0x0000000100000000)
  region size 1024K, 0 young (0K), 0 survivors (0K)
 Metaspace       used 58827K, committed 59328K, reserved 1114112K
  class space    used 7304K, committed 7552K, reserved 1048576K
}
Event: 114127.961 GC heap before
{Heap before GC invocations=11077 (full 10905):
 garbage-first heap   total 96256K, used 35732K [0x00000000c0000000, 0x0000000100000000)
  region size 1024K, 1 young (1024K), 0 survivors (0K)
 Metaspace       used 58827K, committed 59328K, reserved 1114112K
  class space    used 7304K, committed 7552K, reserved 1048576K
}
Event: 114127.984 GC heap after
{Heap after GC invocations=11078 (full 10906):
 garbage-first heap   total 96256K, used 35732K [0x00000000c0000000, 0x0000000100000000)
  region size 1024K, 0 young (0K), 0 survivors (0K)
 Metaspace       used 58827K, committed 59328K, reserved 1114112K
  class space    used 7304K, committed 7552K, reserved 1048576K
}
Event: 114138.084 GC heap before
{Heap before GC invocations=11078 (full 10906):
 garbage-first heap   total 96256K, used 35732K [0x00000000c0000000, 0x0000000100000000)
  region size 1024K, 1 young (1024K), 0 survivors (0K)
 Metaspace       used 58827K, committed 59328K, reserved 1114112K
  class space    used 7304K, committed 7552K, reserved 1048576K
}
Event: 114138.102 GC heap after
{Heap after GC invocations=11079 (full 10907):
 garbage-first heap   total 96256K, used 35732K [0x00000000c0000000, 0x0000000100000000)
  region size 1024K, 0 young (0K), 0 survivors (0K)
 Metaspace       used 58827K, committed 59328K, reserved 1114112K
  class space    used 7304K, committed 7552K, reserved 1048576K
}
Event: 114148.185 GC heap before
{Heap before GC invocations=11079 (full 10907):
 garbage-first heap   total 96256K, used 35732K [0x00000000c0000000, 0x0000000100000000)
  region size 1024K, 1 young (1024K), 0 survivors (0K)
 Metaspace       used 58827K, committed 59328K, reserved 1114112K
  class space    used 7304K, committed 7552K, reserved 1048576K
}
Event: 114148.203 GC heap after
{Heap after GC invocations=11080 (full 10908):
 garbage-first heap   total 96256K, used 35732K [0x00000000c0000000, 0x0000000100000000)
  region size 1024K, 0 young (0K), 0 survivors (0K)
 Metaspace       used 58827K, committed 59328K, reserved 1114112K
  class space    used 7304K, committed 7552K, reserved 1048576K
}

